<?xml version="1.0" encoding="UTF-8"?>
<!-- Generated by org.testng.reporters.JUnitReportReporter -->
<testsuite hostname="Prasanna_M" failures="0" tests="1" name="demo_mavan_package.demo_class" time="0.009" errors="0" timestamp="04 Jan 2024 09:01:35 GMT" skipped="0">
  <testcase classname="demo_mavan_package.demo_class" name="test1" time="0.009"/>
</testsuite> <!-- demo_mavan_package.demo_class -->
